[35m[1mConsolidate compiler generated dependencies of target wang2_node[0m
[ 50%] [32mBuilding CXX object CMakeFiles/wang2_node.dir/src/wang2.cpp.o[0m
In file included from [01m[K/opt/ros/humble/include/rclcpp/rclcpp/client.hpp:40[m[K,
                 from [01m[K/opt/ros/humble/include/rclcpp/rclcpp/callback_group.hpp:24[m[K,
                 from [01m[K/opt/ros/humble/include/rclcpp/rclcpp/any_executable.hpp:20[m[K,
                 from [01m[K/opt/ros/humble/include/rclcpp/rclcpp/memory_strategy.hpp:25[m[K,
                 from [01m[K/opt/ros/humble/include/rclcpp/rclcpp/memory_strategies.hpp:18[m[K,
                 from [01m[K/opt/ros/humble/include/rclcpp/rclcpp/executor_options.hpp:20[m[K,
                 from [01m[K/opt/ros/humble/include/rclcpp/rclcpp/executor.hpp:37[m[K,
                 from [01m[K/opt/ros/humble/include/rclcpp/rclcpp/executors/multi_threaded_executor.hpp:25[m[K,
                 from [01m[K/opt/ros/humble/include/rclcpp/rclcpp/executors.hpp:21[m[K,
                 from [01m[K/opt/ros/humble/include/rclcpp/rclcpp/rclcpp.hpp:155[m[K,
                 from [01m[K/home/wuling/hpc/ros2_learn/town_ws/src/village_wang/src/wang2.cpp:1[m[K:
[01m[K/home/wuling/hpc/ros2_learn/town_ws/src/village_wang/src/wang2.cpp:[m[K In constructor â€˜[01m[KSingleNode::SingleNode(std::string)[m[Kâ€™:
[01m[K/home/wuling/hpc/ros2_learn/town_ws/src/village_wang/src/wang2.cpp:14:27:[m[K [01;31m[Kerror: [m[Kâ€˜[01m[Kclass SingleNode[m[Kâ€™ has no member named â€˜[01m[Kgetlogger[m[Kâ€™; did you mean â€˜[01m[Kget_logger[m[Kâ€™?
   14 |         RCLCPP_INFO(this->[01;31m[Kgetlogger[m[K(), "Hello everybody!I'm SingleDog %s", name.c_str());
      |                           [01;31m[K^~~~~~~~~[m[K
[01m[K/home/wuling/hpc/ros2_learn/town_ws/src/village_wang/src/wang2.cpp:14:27:[m[K [01;31m[Kerror: [m[Kâ€˜[01m[Kclass SingleNode[m[Kâ€™ has no member named â€˜[01m[Kgetlogger[m[Kâ€™; did you mean â€˜[01m[Kget_logger[m[Kâ€™?
[01m[K/home/wuling/hpc/ros2_learn/town_ws/src/village_wang/src/wang2.cpp:14:9:[m[K [01;31m[Kerror: [m[Ktemplate argument 1 is invalid
   14 |         [01;31m[KRCLCPP_INFO[m[K(this->getlogger(), "Hello everybody!I'm SingleDog %s", name.c_str());
      |         [01;31m[K^~~~~~~~~~~[m[K
[01m[K/home/wuling/hpc/ros2_learn/town_ws/src/village_wang/src/wang2.cpp:14:9:[m[K [01;31m[Kerror: [m[Kâ€˜[01m[K<declaration error>[m[Kâ€™ is not a template [[01;31m[K]8;;https://gcc.gnu.org/onlinedocs/gcc/Warning-Options.html#index-fpermissive-fpermissive]8;;[m[K]
   14 |         [01;31m[KRCLCPP_INFO[m[K(this->getlogger(), "Hello everybody!I'm SingleDog %s", name.c_str());
      |         [01;31m[K^~~~~~~~~~~[m[K
[01m[K/home/wuling/hpc/ros2_learn/town_ws/src/village_wang/src/wang2.cpp:14:9:[m[K [01;31m[Kerror: [m[Ktemplate argument 1 is invalid
   14 |         [01;31m[KRCLCPP_INFO[m[K(this->getlogger(), "Hello everybody!I'm SingleDog %s", name.c_str());
      |         [01;31m[K^~~~~~~~~~~[m[K
[01m[K/home/wuling/hpc/ros2_learn/town_ws/src/village_wang/src/wang2.cpp:14:9:[m[K [01;31m[Kerror: [m[Kâ€˜[01m[K<declaration error>[m[Kâ€™ is not a template [[01;31m[K]8;;https://gcc.gnu.org/onlinedocs/gcc/Warning-Options.html#index-fpermissive-fpermissive]8;;[m[K]
   14 |         [01;31m[KRCLCPP_INFO[m[K(this->getlogger(), "Hello everybody!I'm SingleDog %s", name.c_str());
      |         [01;31m[K^~~~~~~~~~~[m[K
[01m[K/home/wuling/hpc/ros2_learn/town_ws/src/village_wang/src/wang2.cpp:14:9:[m[K [01;31m[Kerror: [m[Ktemplate argument 1 is invalid
   14 |         [01;31m[KRCLCPP_INFO[m[K(this->getlogger(), "Hello everybody!I'm SingleDog %s", name.c_str());
      |         [01;31m[K^~~~~~~~~~~[m[K
In file included from [01m[K/opt/ros/humble/include/rclcpp/rclcpp/logging.hpp:24[m[K,
                 from [01m[K/opt/ros/humble/include/rclcpp/rclcpp/client.hpp:40[m[K,
                 from [01m[K/opt/ros/humble/include/rclcpp/rclcpp/callback_group.hpp:24[m[K,
                 from [01m[K/opt/ros/humble/include/rclcpp/rclcpp/any_executable.hpp:20[m[K,
                 from [01m[K/opt/ros/humble/include/rclcpp/rclcpp/memory_strategy.hpp:25[m[K,
                 from [01m[K/opt/ros/humble/include/rclcpp/rclcpp/memory_strategies.hpp:18[m[K,
                 from [01m[K/opt/ros/humble/include/rclcpp/rclcpp/executor_options.hpp:20[m[K,
                 from [01m[K/opt/ros/humble/include/rclcpp/rclcpp/executor.hpp:37[m[K,
                 from [01m[K/opt/ros/humble/include/rclcpp/rclcpp/executors/multi_threaded_executor.hpp:25[m[K,
                 from [01m[K/opt/ros/humble/include/rclcpp/rclcpp/executors.hpp:21[m[K,
                 from [01m[K/opt/ros/humble/include/rclcpp/rclcpp/rclcpp.hpp:155[m[K,
                 from [01m[K/home/wuling/hpc/ros2_learn/town_ws/src/village_wang/src/wang2.cpp:1[m[K:
[01m[K/home/wuling/hpc/ros2_learn/town_ws/src/village_wang/src/wang2.cpp:14:27:[m[K [01;31m[Kerror: [m[Kâ€˜[01m[Kclass SingleNode[m[Kâ€™ has no member named â€˜[01m[Kgetlogger[m[Kâ€™; did you mean â€˜[01m[Kget_logger[m[Kâ€™?
   14 |         RCLCPP_INFO(this->[01;31m[Kgetlogger[m[K(), "Hello everybody!I'm SingleDog %s", name.c_str());
      |                           [01;31m[K^~~~~~~~~[m[K
[01m[K/home/wuling/hpc/ros2_learn/town_ws/src/village_wang/src/wang2.cpp:14:27:[m[K [01;31m[Kerror: [m[Kâ€˜[01m[Kclass SingleNode[m[Kâ€™ has no member named â€˜[01m[Kgetlogger[m[Kâ€™; did you mean â€˜[01m[Kget_logger[m[Kâ€™?
   14 |         RCLCPP_INFO(this->[01;31m[Kgetlogger[m[K(), "Hello everybody!I'm SingleDog %s", name.c_str());
      |                           [01;31m[K^~~~~~~~~[m[K
gmake[2]: *** [CMakeFiles/wang2_node.dir/build.make:76: CMakeFiles/wang2_node.dir/src/wang2.cpp.o] Error 1
gmake[1]: *** [CMakeFiles/Makefile2:137: CMakeFiles/wang2_node.dir/all] Error 2
gmake: *** [Makefile:146: all] Error 2
