[0.197s] Invoking command in '/home/wuling/hpc/ros2_learn/town_ws/build/village_wang': CMAKE_PREFIX_PATH=${CMAKE_PREFIX_PATH}:/home/wuling/hpc/ros2_learn/town_ws/install/village_li:/opt/ros/humble /usr/bin/cmake --build /home/wuling/hpc/ros2_learn/town_ws/build/village_wang -- -j24 -l24
[0.220s] [35m[1mConsolidate compiler generated dependencies of target wang2_node[0m
[0.231s] [ 50%] [32mBuilding CXX object CMakeFiles/wang2_node.dir/src/wang2.cpp.o[0m
[1.334s] In file included from [01m[K/opt/ros/humble/include/rclcpp/rclcpp/client.hpp:40[m[K,
[1.334s]                  from [01m[K/opt/ros/humble/include/rclcpp/rclcpp/callback_group.hpp:24[m[K,
[1.335s]                  from [01m[K/opt/ros/humble/include/rclcpp/rclcpp/any_executable.hpp:20[m[K,
[1.335s]                  from [01m[K/opt/ros/humble/include/rclcpp/rclcpp/memory_strategy.hpp:25[m[K,
[1.335s]                  from [01m[K/opt/ros/humble/include/rclcpp/rclcpp/memory_strategies.hpp:18[m[K,
[1.335s]                  from [01m[K/opt/ros/humble/include/rclcpp/rclcpp/executor_options.hpp:20[m[K,
[1.335s]                  from [01m[K/opt/ros/humble/include/rclcpp/rclcpp/executor.hpp:37[m[K,
[1.335s]                  from [01m[K/opt/ros/humble/include/rclcpp/rclcpp/executors/multi_threaded_executor.hpp:25[m[K,
[1.335s]                  from [01m[K/opt/ros/humble/include/rclcpp/rclcpp/executors.hpp:21[m[K,
[1.335s]                  from [01m[K/opt/ros/humble/include/rclcpp/rclcpp/rclcpp.hpp:155[m[K,
[1.335s]                  from [01m[K/home/wuling/hpc/ros2_learn/town_ws/src/village_wang/src/wang2.cpp:1[m[K:
[1.335s] [01m[K/home/wuling/hpc/ros2_learn/town_ws/src/village_wang/src/wang2.cpp:[m[K In constructor â€˜[01m[KSingleNode::SingleNode(std::string)[m[Kâ€™:
[1.335s] [01m[K/home/wuling/hpc/ros2_learn/town_ws/src/village_wang/src/wang2.cpp:14:27:[m[K [01;31m[Kerror: [m[Kâ€˜[01m[Kclass SingleNode[m[Kâ€™ has no member named â€˜[01m[Kgetlogger[m[Kâ€™; did you mean â€˜[01m[Kget_logger[m[Kâ€™?
[1.335s]    14 |         RCLCPP_INFO(this->[01;31m[Kgetlogger[m[K(), "Hello everybody!I'm SingleDog %s", name.c_str());
[1.335s]       |                           [01;31m[K^~~~~~~~~[m[K
[1.335s] [01m[K/home/wuling/hpc/ros2_learn/town_ws/src/village_wang/src/wang2.cpp:14:27:[m[K [01;31m[Kerror: [m[Kâ€˜[01m[Kclass SingleNode[m[Kâ€™ has no member named â€˜[01m[Kgetlogger[m[Kâ€™; did you mean â€˜[01m[Kget_logger[m[Kâ€™?
[1.335s] [01m[K/home/wuling/hpc/ros2_learn/town_ws/src/village_wang/src/wang2.cpp:14:9:[m[K [01;31m[Kerror: [m[Ktemplate argument 1 is invalid
[1.335s]    14 |         [01;31m[KRCLCPP_INFO[m[K(this->getlogger(), "Hello everybody!I'm SingleDog %s", name.c_str());
[1.335s]       |         [01;31m[K^~~~~~~~~~~[m[K
[1.336s] [01m[K/home/wuling/hpc/ros2_learn/town_ws/src/village_wang/src/wang2.cpp:14:9:[m[K [01;31m[Kerror: [m[Kâ€˜[01m[K<declaration error>[m[Kâ€™ is not a template [[01;31m[K]8;;https://gcc.gnu.org/onlinedocs/gcc/Warning-Options.html#index-fpermissive-fpermissive]8;;[m[K]
[1.336s]    14 |         [01;31m[KRCLCPP_INFO[m[K(this->getlogger(), "Hello everybody!I'm SingleDog %s", name.c_str());
[1.336s]       |         [01;31m[K^~~~~~~~~~~[m[K
[1.336s] [01m[K/home/wuling/hpc/ros2_learn/town_ws/src/village_wang/src/wang2.cpp:14:9:[m[K [01;31m[Kerror: [m[Ktemplate argument 1 is invalid
[1.336s]    14 |         [01;31m[KRCLCPP_INFO[m[K(this->getlogger(), "Hello everybody!I'm SingleDog %s", name.c_str());
[1.336s]       |         [01;31m[K^~~~~~~~~~~[m[K
[1.336s] [01m[K/home/wuling/hpc/ros2_learn/town_ws/src/village_wang/src/wang2.cpp:14:9:[m[K [01;31m[Kerror: [m[Kâ€˜[01m[K<declaration error>[m[Kâ€™ is not a template [[01;31m[K]8;;https://gcc.gnu.org/onlinedocs/gcc/Warning-Options.html#index-fpermissive-fpermissive]8;;[m[K]
[1.336s]    14 |         [01;31m[KRCLCPP_INFO[m[K(this->getlogger(), "Hello everybody!I'm SingleDog %s", name.c_str());
[1.336s]       |         [01;31m[K^~~~~~~~~~~[m[K
[1.336s] [01m[K/home/wuling/hpc/ros2_learn/town_ws/src/village_wang/src/wang2.cpp:14:9:[m[K [01;31m[Kerror: [m[Ktemplate argument 1 is invalid
[1.336s]    14 |         [01;31m[KRCLCPP_INFO[m[K(this->getlogger(), "Hello everybody!I'm SingleDog %s", name.c_str());
[1.336s]       |         [01;31m[K^~~~~~~~~~~[m[K
[1.336s] In file included from [01m[K/opt/ros/humble/include/rclcpp/rclcpp/logging.hpp:24[m[K,
[1.336s]                  from [01m[K/opt/ros/humble/include/rclcpp/rclcpp/client.hpp:40[m[K,
[1.336s]                  from [01m[K/opt/ros/humble/include/rclcpp/rclcpp/callback_group.hpp:24[m[K,
[1.336s]                  from [01m[K/opt/ros/humble/include/rclcpp/rclcpp/any_executable.hpp:20[m[K,
[1.336s]                  from [01m[K/opt/ros/humble/include/rclcpp/rclcpp/memory_strategy.hpp:25[m[K,
[1.336s]                  from [01m[K/opt/ros/humble/include/rclcpp/rclcpp/memory_strategies.hpp:18[m[K,
[1.337s]                  from [01m[K/opt/ros/humble/include/rclcpp/rclcpp/executor_options.hpp:20[m[K,
[1.337s]                  from [01m[K/opt/ros/humble/include/rclcpp/rclcpp/executor.hpp:37[m[K,
[1.337s]                  from [01m[K/opt/ros/humble/include/rclcpp/rclcpp/executors/multi_threaded_executor.hpp:25[m[K,
[1.337s]                  from [01m[K/opt/ros/humble/include/rclcpp/rclcpp/executors.hpp:21[m[K,
[1.337s]                  from [01m[K/opt/ros/humble/include/rclcpp/rclcpp/rclcpp.hpp:155[m[K,
[1.337s]                  from [01m[K/home/wuling/hpc/ros2_learn/town_ws/src/village_wang/src/wang2.cpp:1[m[K:
[1.337s] [01m[K/home/wuling/hpc/ros2_learn/town_ws/src/village_wang/src/wang2.cpp:14:27:[m[K [01;31m[Kerror: [m[Kâ€˜[01m[Kclass SingleNode[m[Kâ€™ has no member named â€˜[01m[Kgetlogger[m[Kâ€™; did you mean â€˜[01m[Kget_logger[m[Kâ€™?
[1.337s]    14 |         RCLCPP_INFO(this->[01;31m[Kgetlogger[m[K(), "Hello everybody!I'm SingleDog %s", name.c_str());
[1.337s]       |                           [01;31m[K^~~~~~~~~[m[K
[1.337s] [01m[K/home/wuling/hpc/ros2_learn/town_ws/src/village_wang/src/wang2.cpp:14:27:[m[K [01;31m[Kerror: [m[Kâ€˜[01m[Kclass SingleNode[m[Kâ€™ has no member named â€˜[01m[Kgetlogger[m[Kâ€™; did you mean â€˜[01m[Kget_logger[m[Kâ€™?
[1.337s]    14 |         RCLCPP_INFO(this->[01;31m[Kgetlogger[m[K(), "Hello everybody!I'm SingleDog %s", name.c_str());
[1.337s]       |                           [01;31m[K^~~~~~~~~[m[K
[1.546s] gmake[2]: *** [CMakeFiles/wang2_node.dir/build.make:76: CMakeFiles/wang2_node.dir/src/wang2.cpp.o] Error 1
[1.547s] gmake[1]: *** [CMakeFiles/Makefile2:137: CMakeFiles/wang2_node.dir/all] Error 2
[1.547s] gmake: *** [Makefile:146: all] Error 2
[1.548s] Invoked command in '/home/wuling/hpc/ros2_learn/town_ws/build/village_wang' returned '2': CMAKE_PREFIX_PATH=${CMAKE_PREFIX_PATH}:/home/wuling/hpc/ros2_learn/town_ws/install/village_li:/opt/ros/humble /usr/bin/cmake --build /home/wuling/hpc/ros2_learn/town_ws/build/village_wang -- -j24 -l24
