[0.009s] Invoking command in '/home/wuling/hpc/ros2_learn/town_ws/build/village_wang': CMAKE_PREFIX_PATH=/home/wuling/hpc/ros2_learn/town_ws/install/village_interface:/home/wuling/hpc/ros2_learn/town_ws/install/village_zhang:/home/wuling/hpc/ros2_learn/town_ws/install/village_wang:/home/wuling/hpc/ros2_learn/town_ws/install/village_li:/opt/ros/humble /usr/bin/cmake --build /home/wuling/hpc/ros2_learn/town_ws/build/village_wang -- -j24 -l24
[0.102s] [ 50%] [32mBuilding CXX object CMakeFiles/wang2_node.dir/src/wang2.cpp.o[0m
[1.308s] In file included from [01m[K/opt/ros/humble/include/rclcpp/rclcpp/node.hpp:1321[m[K,
[1.308s]                  from [01m[K/opt/ros/humble/include/rclcpp/rclcpp/executors/single_threaded_executor.hpp:28[m[K,
[1.308s]                  from [01m[K/opt/ros/humble/include/rclcpp/rclcpp/executors.hpp:22[m[K,
[1.308s]                  from [01m[K/opt/ros/humble/include/rclcpp/rclcpp/rclcpp.hpp:155[m[K,
[1.308s]                  from [01m[K/home/wuling/hpc/ros2_learn/town_ws/src/village_wang/src/wang2.cpp:1[m[K:
[1.308s] /opt/ros/humble/include/rclcpp/rclcpp/node_impl.hpp: In instantiation of â€˜[01m[Kauto rclcpp::Node::declare_parameter(const string&, const ParameterT&, const ParameterDescriptor&, bool) [with ParameterT = unsigned int; std::string = std::__cxx11::basic_string<char>; rcl_interfaces::msg::ParameterDescriptor = rcl_interfaces::msg::ParameterDescriptor_<std::allocator<void> >][m[Kâ€™:
[1.308s] [01m[K/home/wuling/hpc/ros2_learn/town_ws/src/village_wang/src/wang2.cpp:103:47:[m[K   required from here
[1.308s] [01m[K/opt/ros/humble/include/rclcpp/rclcpp/node_impl.hpp:204:15:[m[K [01;31m[Kerror: [m[Kcall of overloaded â€˜[01m[KParameterValue(const unsigned int&)[m[Kâ€™ is ambiguous
[1.308s]   204 |       rclcpp::[01;31m[KParameterValue(default_value)[m[K,
[1.308s]       |               [01;31m[K^~~~~~~~~~~~~~~~~~~~~~~~~~~~~[m[K
[1.308s] In file included from [01m[K/opt/ros/humble/include/rclcpp/rclcpp/parameter.hpp:26[m[K,
[1.308s]                  from [01m[K/opt/ros/humble/include/rclcpp/rclcpp/node_interfaces/node_parameters_interface.hpp:28[m[K,
[1.308s]                  from [01m[K/opt/ros/humble/include/rclcpp/rclcpp/node.hpp:54[m[K,
[1.308s]                  from [01m[K/opt/ros/humble/include/rclcpp/rclcpp/executors/single_threaded_executor.hpp:28[m[K,
[1.308s]                  from [01m[K/opt/ros/humble/include/rclcpp/rclcpp/executors.hpp:22[m[K,
[1.308s]                  from [01m[K/opt/ros/humble/include/rclcpp/rclcpp/rclcpp.hpp:155[m[K,
[1.308s]                  from [01m[K/home/wuling/hpc/ros2_learn/town_ws/src/village_wang/src/wang2.cpp:1[m[K:
[1.308s] [01m[K/opt/ros/humble/include/rclcpp/rclcpp/parameter_value.hpp:94:12:[m[K [01;36m[Knote: [m[Kcandidate: â€˜[01m[Krclcpp::ParameterValue::ParameterValue(double)[m[Kâ€™
[1.308s]    94 |   explicit [01;36m[KParameterValue[m[K(const double double_value);
[1.308s]       |            [01;36m[K^~~~~~~~~~~~~~[m[K
[1.308s] [01m[K/opt/ros/humble/include/rclcpp/rclcpp/parameter_value.hpp:91:12:[m[K [01;36m[Knote: [m[Kcandidate: â€˜[01m[Krclcpp::ParameterValue::ParameterValue(float)[m[Kâ€™
[1.308s]    91 |   explicit [01;36m[KParameterValue[m[K(const float double_value);
[1.308s]       |            [01;36m[K^~~~~~~~~~~~~~[m[K
[1.308s] [01m[K/opt/ros/humble/include/rclcpp/rclcpp/parameter_value.hpp:88:12:[m[K [01;36m[Knote: [m[Kcandidate: â€˜[01m[Krclcpp::ParameterValue::ParameterValue(int64_t)[m[Kâ€™
[1.308s]    88 |   explicit [01;36m[KParameterValue[m[K(const int64_t int_value);
[1.308s]       |            [01;36m[K^~~~~~~~~~~~~~[m[K
[1.309s] [01m[K/opt/ros/humble/include/rclcpp/rclcpp/parameter_value.hpp:85:12:[m[K [01;36m[Knote: [m[Kcandidate: â€˜[01m[Krclcpp::ParameterValue::ParameterValue(int)[m[Kâ€™
[1.309s]    85 |   explicit [01;36m[KParameterValue[m[K(const int int_value);
[1.309s]       |            [01;36m[K^~~~~~~~~~~~~~[m[K
[1.309s] [01m[K/opt/ros/humble/include/rclcpp/rclcpp/parameter_value.hpp:82:12:[m[K [01;36m[Knote: [m[Kcandidate: â€˜[01m[Krclcpp::ParameterValue::ParameterValue(bool)[m[Kâ€™
[1.309s]    82 |   explicit [01;36m[KParameterValue[m[K(const bool bool_value);
[1.309s]       |            [01;36m[K^~~~~~~~~~~~~~[m[K
[1.309s] [01m[K/opt/ros/humble/include/rclcpp/rclcpp/parameter_value.hpp:71:7:[m[K [01;36m[Knote: [m[Kcandidate: â€˜[01m[Krclcpp::ParameterValue::ParameterValue(const rclcpp::ParameterValue&)[m[Kâ€™
[1.309s]    71 | class [01;36m[KParameterValue[m[K
[1.309s]       |       [01;36m[K^~~~~~~~~~~~~~[m[K
[1.309s] [01m[K/opt/ros/humble/include/rclcpp/rclcpp/parameter_value.hpp:71:7:[m[K [01;36m[Knote: [m[Kcandidate: â€˜[01m[Krclcpp::ParameterValue::ParameterValue(rclcpp::ParameterValue&&)[m[Kâ€™
[2.632s] gmake[2]: *** [CMakeFiles/wang2_node.dir/build.make:76: CMakeFiles/wang2_node.dir/src/wang2.cpp.o] Error 1
[2.632s] gmake[1]: *** [CMakeFiles/Makefile2:137: CMakeFiles/wang2_node.dir/all] Error 2
[2.632s] gmake: *** [Makefile:146: all] Error 2
[2.634s] Invoked command in '/home/wuling/hpc/ros2_learn/town_ws/build/village_wang' returned '2': CMAKE_PREFIX_PATH=/home/wuling/hpc/ros2_learn/town_ws/install/village_interface:/home/wuling/hpc/ros2_learn/town_ws/install/village_zhang:/home/wuling/hpc/ros2_learn/town_ws/install/village_wang:/home/wuling/hpc/ros2_learn/town_ws/install/village_li:/opt/ros/humble /usr/bin/cmake --build /home/wuling/hpc/ros2_learn/town_ws/build/village_wang -- -j24 -l24
